[2021-02-04T09:44:09+07:00] "POST /api/v1/publishers" 200 72 - 20.098 ms
[2021-02-04T10:08:12+07:00] "GET /api/v1/authors" 200 4007 - 63.426 ms
[2021-02-04T10:09:17+07:00] "POST /api/v1/authors" 422 46 - 68.581 ms
[2021-02-04T10:10:24+07:00] "POST /api/v1/authors" 200 297 - 34.716 ms
[2021-02-04T10:10:39+07:00] "POST /api/v1/authors" 422 46 - 14.219 ms
[2021-02-04T10:10:46+07:00] "POST /api/v1/authors" 422 46 - 3.840 ms
[2021-02-04T10:10:58+07:00] "POST /api/v1/authors" 200 299 - 14.757 ms
[2021-02-04T10:11:39+07:00] "POST /api/v1/authors" 422 76 - 56.972 ms
[2021-02-04T10:11:44+07:00] "POST /api/v1/authors" 422 107 - 20.942 ms
[2021-02-04T10:12:05+07:00] "POST /api/v1/authors" 200 302 - 33.045 ms
[2021-02-04T10:12:35+07:00] "PUT /api/v1/authors/uploadPhoto/17" 200 58 - 33.967 ms
[2021-02-04T10:17:04+07:00] "POST /api/v1/authors" 422 46 - 64.470 ms
[2021-02-04T10:17:15+07:00] "POST /api/v1/authors" 200 302 - 38.341 ms
[2021-02-04T10:17:27+07:00] "POST /api/v1/authors" 422 77 - 19.607 ms
[2021-02-04T10:17:37+07:00] "POST /api/v1/authors" 422 77 - 8.044 ms
[2021-02-04T10:17:38+07:00] "POST /api/v1/authors" 422 77 - 4.341 ms
[2021-02-04T10:17:39+07:00] "POST /api/v1/authors" 422 77 - 5.370 ms
[2021-02-04T10:17:40+07:00] "POST /api/v1/authors" 422 77 - 4.722 ms
[2021-02-04T10:17:40+07:00] "POST /api/v1/authors" 422 77 - 3.769 ms
[2021-02-04T10:18:02+07:00] "POST /api/v1/authors" 422 46 - 62.353 ms
[2021-02-04T10:18:13+07:00] "POST /api/v1/authors" 422 77 - 24.574 ms
[2021-02-04T10:18:15+07:00] "POST /api/v1/authors" 422 77 - 7.904 ms
[2021-02-04T10:18:15+07:00] "POST /api/v1/authors" 422 77 - 4.318 ms
[2021-02-04T10:18:16+07:00] "POST /api/v1/authors" 422 77 - 4.103 ms
[2021-02-04T10:18:22+07:00] "POST /api/v1/authors" 422 46 - 4.655 ms
[2021-02-04T10:18:23+07:00] "POST /api/v1/authors" 422 46 - 4.070 ms
[2021-02-04T10:18:59+07:00] "POST /api/v1/authors" 422 46 - 54.261 ms
[2021-02-04T10:19:12+07:00] "POST /api/v1/authors" 422 42 - 28.584 ms
[2021-02-04T10:19:29+07:00] "POST /api/v1/authors" 422 73 - 14.206 ms
[2021-02-04T10:19:40+07:00] "POST /api/v1/authors" 422 42 - 11.514 ms
[2021-02-04T10:19:55+07:00] "POST /api/v1/authors" 422 73 - 10.207 ms
[2021-02-04T10:20:06+07:00] "POST /api/v1/authors" 422 73 - 10.214 ms
[2021-02-04T10:20:08+07:00] "POST /api/v1/authors" 422 73 - 3.603 ms
[2021-02-04T10:20:08+07:00] "POST /api/v1/authors" 422 73 - 4.215 ms
[2021-02-04T10:20:09+07:00] "POST /api/v1/authors" 422 73 - 5.909 ms
[2021-02-04T10:20:16+07:00] "POST /api/v1/authors" 422 42 - 6.702 ms
[2021-02-04T10:20:17+07:00] "POST /api/v1/authors" 422 42 - 3.406 ms
[2021-02-04T10:20:18+07:00] "POST /api/v1/authors" 422 42 - 4.224 ms
[2021-02-04T10:20:19+07:00] "POST /api/v1/authors" 422 42 - 3.544 ms
[2021-02-04T10:20:20+07:00] "POST /api/v1/authors" 422 42 - 5.392 ms
[2021-02-04T10:20:32+07:00] "POST /api/v1/authors" 200 300 - 32.570 ms
[2021-02-04T10:20:53+07:00] "POST /api/v1/authors" 422 76 - 9.842 ms
[2021-02-04T10:21:09+07:00] "POST /api/v1/authors" 422 46 - 11.489 ms
[2021-02-04T10:21:24+07:00] "POST /api/v1/authors" 422 76 - 11.724 ms
[2021-02-04T10:26:55+07:00] "POST /api/v1/authors" 422 107 - 59.907 ms
[2021-02-04T10:26:56+07:00] "POST /api/v1/authors" 422 107 - 14.354 ms
[2021-02-04T10:27:11+07:00] "POST /api/v1/authors" 422 46 - 17.004 ms
[2021-02-04T10:27:27+07:00] "POST /api/v1/authors" 200 300 - 32.292 ms
[2021-02-04T10:27:35+07:00] "POST /api/v1/authors" 422 46 - 4.443 ms
[2021-02-04T10:27:38+07:00] "POST /api/v1/authors" 422 46 - 5.276 ms
[2021-02-04T10:29:14+07:00] "POST /api/v1/authors" 200 302 - 14.028 ms
[2021-02-04T10:57:58+07:00] "GET /api/v1/authors" 200 5804 - 61.826 ms
[2021-02-04T10:59:18+07:00] "GET /api/v1/authors" 200 5804 - 55.896 ms
[2021-02-04T10:59:32+07:00] "GET /api/v1/authors/io" 400 1125 - 19.813 ms
[2021-02-04T11:05:28+07:00] "GET /api/v1/author" 404 59 - 1.662 ms
[2021-02-04T11:05:43+07:00] "GET /api/v1/authors/ko" 400 1125 - 17.089 ms
[2021-02-04T11:16:17+07:00] "GET /api/v1/authors/ko" 200 1125 - 70.717 ms
[2021-02-04T11:17:18+07:00] "GET /api/v1/authors" 200 5804 - 55.701 ms
[2021-02-04T11:17:22+07:00] "GET /api/v1/authors" 200 5804 - 7.881 ms
[2021-02-04T11:24:01+07:00] "GET /api/v1/authors/ko" 500 - - 35.688 ms
[2021-02-04T11:24:06+07:00] "GET /api/v1/authors/ko" 500 - - 7.906 ms
[2021-02-04T11:34:17+07:00] "GET /api/v1/authors/ko" 500 - - 42.237 ms
[2021-02-04T11:50:03+07:00] "GET /api/v1/authors/ko" 200 1176 - 39.096 ms
[2021-02-04T11:50:42+07:00] "GET /api/v1/authors/ko" 200 1178 - 53.355 ms
