[2021-02-05T09:39:50+07:00] "GET /api/v1/users" 200 942 - 83.948 ms
[2021-02-05T09:40:48+07:00] "POST /api/v1/users/login/Auth" 400 134 - 25.484 ms
[2021-02-05T09:55:50+07:00] "POST /api/v1/users/login/Auth" 400 134 - 29.251 ms
[2021-02-05T10:07:28+07:00] "GET /api/v1/users" 200 942 - 37.848 ms
[2021-02-05T10:43:27+07:00] "POST /api/v1/users/auth/signin" 403 114 - 114.227 ms
[2021-02-05T10:49:31+07:00] "POST /api/v1/users/auth/signin" 403 130 - 101.492 ms
[2021-02-05T10:53:52+07:00] "POST /api/v1/users/auth/signin" 403 130 - 99.247 ms
[2021-02-05T10:58:49+07:00] "POST /api/v1/users/auth/signin" 200 201 - 97.058 ms
[2021-02-05T10:58:57+07:00] "POST /api/v1/users/auth/signin" 403 134 - 6.512 ms
[2021-02-05T10:59:07+07:00] "POST /api/v1/users/auth/signin" 403 135 - 5.940 ms
[2021-02-05T10:59:40+07:00] "POST /api/v1/users/auth/signin" 403 132 - 38.598 ms
[2021-02-05T11:00:28+07:00] "POST /api/v1/users/auth/signin" 200 201 - 71.743 ms
[2021-02-05T11:00:41+07:00] "POST /api/v1/users/auth/signin" 200 52 - 100.900 ms
[2021-02-05T11:01:01+07:00] "POST /api/v1/users/auth/signin" 200 201 - 98.832 ms
[2021-02-05T11:02:16+07:00] "POST /api/v1/users/auth/signin" 200 224 - 95.245 ms
[2021-02-05T11:04:41+07:00] "POST /api/v1/users/auth/signin" 200 224 - 98.520 ms
[2021-02-05T13:19:12+07:00] "POST /api/v1/users/auth/signin" 200 224 - 100.133 ms
[2021-02-05T13:19:50+07:00] "GET /api/v1/users/profile" 400 1093 - 16.592 ms
[2021-02-05T13:21:54+07:00] "GET /api/v1/users/profile" 400 1093 - 11.818 ms
[2021-02-05T13:21:55+07:00] "GET /api/v1/users/profile" 400 1093 - 6.592 ms
[2021-02-05T13:21:56+07:00] "GET /api/v1/users/profile" 400 1093 - 6.786 ms
[2021-02-05T13:22:11+07:00] "GET /api/v1/users/profile" 400 1093 - 12.617 ms
[2021-02-05T13:24:30+07:00] "GET /api/v1/users/profile" 400 1093 - 12.297 ms
[2021-02-05T13:24:34+07:00] "POST /api/v1/users/auth/signin" 200 224 - 69.746 ms
[2021-02-05T13:24:51+07:00] "GET /api/v1/users/profile" 400 1093 - 9.452 ms
[2021-02-05T13:26:40+07:00] "POST /api/v1/users/auth/signin" 200 224 - 95.769 ms
[2021-02-05T13:26:54+07:00] "GET /api/v1/users/profile" 400 1093 - 12.673 ms
[2021-02-05T13:26:58+07:00] "GET /api/v1/users/profile" 400 1093 - 7.101 ms
[2021-02-05T13:26:59+07:00] "GET /api/v1/users/profile" 400 1093 - 6.622 ms
[2021-02-05T13:27:00+07:00] "GET /api/v1/users/profile" 400 1093 - 7.133 ms
[2021-02-05T13:27:01+07:00] "GET /api/v1/users/profile" 400 1093 - 6.861 ms
[2021-02-05T13:28:13+07:00] "GET /api/v1/users/profile" 400 1093 - 36.801 ms
[2021-02-05T13:28:14+07:00] "GET /api/v1/users/profile" 400 1093 - 7.962 ms
[2021-02-05T13:28:15+07:00] "GET /api/v1/users/profile" 400 1093 - 5.909 ms
[2021-02-05T13:29:14+07:00] "POST /api/v1/users/auth/signin" 200 224 - 99.536 ms
[2021-02-05T13:29:41+07:00] "GET /api/v1/users/profile" 400 1093 - 15.239 ms
[2021-02-05T13:30:02+07:00] "GET /api/v1/users/profile" 400 1093 - 40.381 ms
[2021-02-05T13:30:12+07:00] "GET /api/v1/users/profile" 400 1093 - 7.659 ms
[2021-02-05T13:30:13+07:00] "GET /api/v1/users/profile" 400 1093 - 9.131 ms
[2021-02-05T13:30:13+07:00] "GET /api/v1/users/profile" 400 1093 - 5.741 ms
[2021-02-05T13:30:14+07:00] "GET /api/v1/users/profile" 400 1093 - 8.289 ms
[2021-02-05T13:30:15+07:00] "GET /api/v1/users/profile" 400 1093 - 7.114 ms
[2021-02-05T13:30:25+07:00] "GET /api/v1/users/profile" 400 1093 - 5.566 ms
[2021-02-05T13:32:54+07:00] "GET /api/v1/users/profile" 400 1093 - 8.525 ms
[2021-02-05T13:32:55+07:00] "GET /api/v1/users/profile" 400 1093 - 7.483 ms
[2021-02-05T13:32:56+07:00] "GET /api/v1/users/profile" 400 1093 - 8.491 ms
[2021-02-05T13:35:55+07:00] "GET /api/v1/users/profile" 400 1093 - 35.511 ms
[2021-02-05T13:36:01+07:00] "GET /api/v1/users" 200 942 - 5.208 ms
[2021-02-05T13:38:00+07:00] "POST /api/v1/users/auth/signin" 200 224 - 69.741 ms
[2021-02-05T13:38:02+07:00] "POST /api/v1/users/auth/signin" 200 224 - 66.071 ms
[2021-02-05T13:38:47+07:00] "GET /api/v1/users/profile" 400 1093 - 9.415 ms
[2021-02-05T13:38:51+07:00] "GET /api/v1/users/profile" 400 1093 - 5.125 ms
[2021-02-05T13:38:52+07:00] "GET /api/v1/users/profile" 400 1093 - 4.483 ms
[2021-02-05T13:38:52+07:00] "GET /api/v1/users/profile" 400 1093 - 5.070 ms
[2021-02-05T13:38:53+07:00] "GET /api/v1/users/profile" 400 1093 - 4.764 ms
[2021-02-05T13:38:54+07:00] "GET /api/v1/users/profile" 400 1093 - 6.170 ms
[2021-02-05T13:38:54+07:00] "GET /api/v1/users/profile" 400 1093 - 6.745 ms
[2021-02-05T13:38:55+07:00] "GET /api/v1/users/profile" 400 1093 - 5.153 ms
[2021-02-05T13:39:02+07:00] "GET /api/v1/users/profile" 400 1093 - 4.520 ms
[2021-02-05T13:40:58+07:00] "GET /api/v1/users/profile" 400 1093 - 37.504 ms
[2021-02-05T13:41:38+07:00] "GET /api/v1/users/profile" 400 1093 - 42.955 ms
[2021-02-05T13:41:39+07:00] "GET /api/v1/users/profile" 400 1093 - 8.550 ms
[2021-02-05T13:41:40+07:00] "GET /api/v1/users/profile" 400 1093 - 7.554 ms
[2021-02-05T13:41:41+07:00] "GET /api/v1/users/profile" 400 1093 - 9.070 ms
[2021-02-05T13:41:50+07:00] "GET /api/v1/users/profile" 400 1093 - 40.439 ms
[2021-02-05T13:42:09+07:00] "GET /api/v1/users/auth/profile" 200 942 - 34.557 ms
[2021-02-05T13:42:30+07:00] "GET /api/v1/users/auth/profile" 200 75 - 41.449 ms
[2021-02-05T13:43:10+07:00] "GET /api/v1/users/auth/profile" 404 59 - 4.273 ms
[2021-02-05T13:43:16+07:00] "GET /api/v1/users/profile" 400 1093 - 35.820 ms
[2021-02-05T13:44:09+07:00] "GET /api/v1/users/auth/profile" 200 75 - 37.774 ms
[2021-02-05T13:44:13+07:00] "GET /api/v1/users/auth/profile" 200 75 - 5.149 ms
[2021-02-05T13:50:32+07:00] "GET /api/v1/users/auth/profile" 200 75 - 39.705 ms
[2021-02-05T13:50:33+07:00] "GET /api/v1/users/auth/profile" 200 75 - 5.098 ms
[2021-02-05T13:50:34+07:00] "GET /api/v1/users/auth/profile" 200 75 - 3.845 ms
[2021-02-05T13:50:35+07:00] "GET /api/v1/users/auth/profile" 200 75 - 3.800 ms
[2021-02-05T13:50:39+07:00] "GET /api/v1/users/auth/profile" 200 75 - 4.212 ms
[2021-02-05T13:50:40+07:00] "GET /api/v1/users/auth/profile" 200 75 - 5.654 ms
[2021-02-05T13:50:41+07:00] "GET /api/v1/users/auth/profile" 200 75 - 7.434 ms
[2021-02-05T13:52:11+07:00] "GET /api/v1/users/auth/profile" 401 108 - 4.867 ms
[2021-02-05T13:52:13+07:00] "GET /api/v1/users/auth/profile" 401 108 - 4.774 ms
[2021-02-05T13:52:14+07:00] "GET /api/v1/users/auth/profile" 401 108 - 3.327 ms
[2021-02-05T13:52:15+07:00] "GET /api/v1/users/auth/profile" 401 108 - 4.678 ms
[2021-02-05T13:52:16+07:00] "GET /api/v1/users/auth/profile" 401 108 - 4.181 ms
[2021-02-05T13:52:16+07:00] "GET /api/v1/users/auth/profile" 401 108 - 2.507 ms
[2021-02-05T13:52:17+07:00] "GET /api/v1/users/auth/profile" 401 108 - 4.226 ms
[2021-02-05T13:54:02+07:00] "POST /api/v1/users/auth/signin" 200 224 - 95.618 ms
[2021-02-05T13:54:25+07:00] "GET /api/v1/users/auth/profile" 200 75 - 11.450 ms
[2021-02-05T13:56:50+07:00] "GET /api/v1/users/auth/profile" 200 75 - 35.502 ms
[2021-02-05T13:56:51+07:00] "GET /api/v1/users/auth/profile" 200 75 - 4.210 ms
[2021-02-05T13:56:52+07:00] "GET /api/v1/users/auth/profile" 200 75 - 3.590 ms
[2021-02-05T13:56:55+07:00] "GET /api/v1/users/auth/profile" 200 75 - 3.240 ms
[2021-02-05T13:56:56+07:00] "GET /api/v1/users/auth/profile" 200 75 - 4.963 ms
[2021-02-05T13:57:00+07:00] "GET /api/v1/users/auth/profile" 200 75 - 4.101 ms
[2021-02-05T13:57:00+07:00] "GET /api/v1/users/auth/profile" 200 75 - 2.456 ms
[2021-02-05T13:57:02+07:00] "GET /api/v1/users/auth/profile" 200 75 - 2.767 ms
[2021-02-05T13:57:03+07:00] "GET /api/v1/users/auth/profile" 200 75 - 3.573 ms
[2021-02-05T13:57:04+07:00] "GET /api/v1/users/auth/profile" 200 75 - 3.139 ms
[2021-02-05T13:57:14+07:00] "GET /api/v1/users/auth/profile" 200 75 - 2.432 ms
[2021-02-05T13:57:15+07:00] "GET /api/v1/users/auth/profile" 200 75 - 2.406 ms
[2021-02-05T14:05:34+07:00] "POST /api/v1/users/auth/signup" 200 303 - 113.791 ms
[2021-02-05T14:19:31+07:00] "POST /api/v1/users/auth/signup" 422 46 - 39.780 ms
[2021-02-05T14:19:48+07:00] "POST /api/v1/users/auth/signup" 200 307 - 83.515 ms
[2021-02-05T14:21:38+07:00] "POST /api/v1/users/auth/signin" 403 130 - 10.510 ms
[2021-02-05T14:21:45+07:00] "POST /api/v1/users/auth/signin" 200 223 - 65.625 ms
[2021-02-05T14:22:05+07:00] "GET /api/v1/users/auth/profile" 200 104 - 7.885 ms
[2021-02-05T14:26:53+07:00] "POST /api/v1/users/auth/signin" 200 223 - 96.580 ms
[2021-02-05T14:26:58+07:00] "GET /api/v1/users/auth/profile" 200 104 - 8.953 ms
[2021-02-05T14:34:13+07:00] "GET /api/v1/users/auth/profile" 200 104 - 39.820 ms
[2021-02-05T14:38:31+07:00] "GET /api/v1/users" 401 108 - 6.340 ms
[2021-02-05T14:44:25+07:00] "GET /api/v1/users/auth/profile" 200 104 - 40.014 ms
[2021-02-05T14:44:42+07:00] "GET /api/v1/users" 200 311 - 9.598 ms
[2021-02-05T14:44:50+07:00] "GET /api/v1/users" 200 311 - 4.695 ms
[2021-02-05T14:51:49+07:00] "POST /api/v1/users/auth/signup" 200 301 - 113.183 ms
[2021-02-05T14:56:35+07:00] "POST /api/v1/users/auth/signup" 422 46 - 39.631 ms
[2021-02-05T14:56:52+07:00] "GET /api/v1/users/auth/profile" 200 104 - 13.823 ms
[2021-02-05T14:56:53+07:00] "GET /api/v1/users/auth/profile" 200 104 - 3.744 ms
[2021-02-05T14:56:54+07:00] "GET /api/v1/users/auth/profile" 200 104 - 3.439 ms
[2021-02-05T14:57:00+07:00] "GET /api/v1/users" 200 564 - 11.892 ms
[2021-02-05T14:57:03+07:00] "GET /api/v1/users" 200 564 - 7.408 ms
[2021-02-05T14:59:54+07:00] "GET /api/v1/users" 200 68 - 41.210 ms
[2021-02-05T14:59:56+07:00] "GET /api/v1/users" 200 68 - 5.808 ms
[2021-02-05T14:59:57+07:00] "GET /api/v1/users" 200 68 - 5.342 ms
[2021-02-05T14:59:58+07:00] "GET /api/v1/users" 200 68 - 3.133 ms
[2021-02-05T15:00:08+07:00] "GET /api/v1/users/auth/profile" 200 104 - 4.237 ms
[2021-02-05T15:00:09+07:00] "GET /api/v1/users/auth/profile" 200 104 - 3.246 ms
[2021-02-05T15:00:17+07:00] "GET /api/v1/users" 200 68 - 3.427 ms
[2021-02-05T15:04:31+07:00] "GET /api/v1/users" 400 126 - 41.755 ms
[2021-02-05T15:04:50+07:00] "GET /api/v1/users" 400 564 - 39.740 ms
[2021-02-05T15:05:56+07:00] "POST /api/v1/users/auth/signin" 200 240 - 73.390 ms
[2021-02-05T15:06:31+07:00] "GET /api/v1/users/auth/profile" 200 98 - 9.126 ms
[2021-02-05T15:06:42+07:00] "GET /api/v1/users" 200 65 - 8.713 ms
[2021-02-05T15:06:44+07:00] "GET /api/v1/users" 200 65 - 3.269 ms
[2021-02-05T15:07:35+07:00] "GET /api/v1/users" 200 65 - 37.327 ms
[2021-02-05T15:07:56+07:00] "GET /api/v1/users" 400 564 - 11.611 ms
[2021-02-05T15:08:09+07:00] "GET /api/v1/users" 400 564 - 12.233 ms
[2021-02-05T15:08:10+07:00] "GET /api/v1/users" 400 564 - 5.622 ms
[2021-02-05T15:08:14+07:00] "GET /api/v1/users" 400 564 - 4.823 ms
[2021-02-05T15:08:15+07:00] "GET /api/v1/users" 400 564 - 9.315 ms
[2021-02-05T15:08:16+07:00] "GET /api/v1/users" 400 564 - 5.449 ms
[2021-02-05T15:08:16+07:00] "GET /api/v1/users" 400 564 - 4.591 ms
[2021-02-05T15:12:47+07:00] "GET /api/v1/users" 400 564 - 40.209 ms
[2021-02-05T15:13:14+07:00] "GET /api/v1/users" 400 564 - 40.203 ms
[2021-02-05T15:15:14+07:00] "GET /api/v1/users" 400 564 - 42.759 ms
[2021-02-05T15:15:36+07:00] "GET /api/v1/users" 200 564 - 37.836 ms
[2021-02-05T15:23:14+07:00] "GET /api/v1/users" 200 564 - 40.532 ms
[2021-02-05T15:23:18+07:00] "GET /api/v1/users" 200 564 - 8.467 ms
[2021-02-05T15:23:18+07:00] "GET /api/v1/users" 200 564 - 4.262 ms
[2021-02-05T15:28:32+07:00] "GET /api/v1/users" 401 108 - 8.313 ms
[2021-02-05T15:28:41+07:00] "POST /api/v1/users/auth/signin" 200 243 - 95.473 ms
[2021-02-05T15:29:12+07:00] "GET /api/v1/users" 200 564 - 22.706 ms
[2021-02-05T15:35:25+07:00] "GET /api/v1/users/auth/profile" 200 98 - 38.892 ms
[2021-02-05T15:35:41+07:00] "POST /api/v1/users/auth/signin" 200 240 - 74.270 ms
[2021-02-05T15:35:52+07:00] "GET /api/v1/users" 404 65 - 13.944 ms
[2021-02-05T15:35:59+07:00] "POST /api/v1/users/auth/signin" 200 243 - 64.057 ms
[2021-02-05T15:36:09+07:00] "GET /api/v1/users" 200 564 - 6.959 ms
[2021-02-05T15:45:11+07:00] "GET /api/v1/users" 200 564 - 49.692 ms
[2021-02-05T15:46:34+07:00] "GET /api/v1/users" 200 352 - 39.590 ms
[2021-02-05T15:46:42+07:00] "GET /api/v1/users" 200 352 - 8.478 ms
[2021-02-05T15:46:43+07:00] "GET /api/v1/users" 200 352 - 9.362 ms
[2021-02-05T15:56:39+07:00] "POST /api/v1/users/auth/signin" 200 240 - 94.966 ms
[2021-02-05T15:56:51+07:00] "GET /api/v1/users" 403 17 - 18.402 ms
[2021-02-05T15:57:00+07:00] "POST /api/v1/users/auth/signin" 200 243 - 64.374 ms
[2021-02-05T15:57:10+07:00] "GET /api/v1/users" 400 564 - 15.719 ms
[2021-02-05T15:58:39+07:00] "GET /api/v1/users" 400 564 - 45.907 ms
[2021-02-05T15:58:58+07:00] "GET /api/v1/users" 400 564 - 47.314 ms
[2021-02-05T15:59:23+07:00] "GET /api/v1/users" 400 564 - 45.404 ms
[2021-02-05T16:00:46+07:00] "GET /api/v1/users" 400 564 - 41.056 ms
[2021-02-05T16:01:07+07:00] "GET /api/v1/users" 400 564 - 39.861 ms
[2021-02-05T16:01:28+07:00] "GET /api/v1/users" 400 564 - 42.595 ms
[2021-02-05T16:02:05+07:00] "GET /api/v1/users" 400 564 - 39.080 ms
[2021-02-05T16:17:32+07:00] "POST /api/v1/users/auth/signin" 200 240 - 98.986 ms
[2021-02-05T16:17:45+07:00] "GET /api/v1/users" 401 108 - 4.403 ms
[2021-02-05T16:17:53+07:00] "GET /api/v1/users" 403 17 - 11.381 ms
[2021-02-05T16:18:14+07:00] "POST /api/v1/users/auth/signin" 200 240 - 69.614 ms
[2021-02-05T16:19:18+07:00] "POST /api/v1/users/auth/signin" 200 243 - 70.000 ms
[2021-02-05T16:19:27+07:00] "GET /api/v1/users" 403 17 - 3.725 ms
[2021-02-05T16:19:29+07:00] "GET /api/v1/users" 403 17 - 3.029 ms
[2021-02-05T16:19:29+07:00] "GET /api/v1/users" 403 17 - 2.649 ms
[2021-02-05T16:19:39+07:00] "POST /api/v1/users/auth/signin" 200 243 - 63.355 ms
[2021-02-05T16:19:51+07:00] "GET /api/v1/users" 403 17 - 10.722 ms
[2021-02-05T16:20:15+07:00] "POST /api/v1/users/auth/signin" 200 243 - 95.970 ms
[2021-02-05T16:20:29+07:00] "GET /api/v1/users" 200 564 - 16.049 ms
[2021-02-05T16:30:48+07:00] "GET /api/v1/users" 200 564 - 38.638 ms
[2021-02-05T16:30:49+07:00] "GET /api/v1/users" 200 564 - 5.023 ms
[2021-02-05T16:30:50+07:00] "GET /api/v1/users" 200 564 - 4.253 ms
[2021-02-05T16:30:53+07:00] "POST /api/v1/users/auth/signin" 200 240 - 67.170 ms
[2021-02-05T16:31:03+07:00] "GET /api/v1/users" 403 17 - 4.727 ms
