[2021-02-09T03:55:02+07:00] "POST /api/v1/users/auth/signin" 200 240 - 117.474 ms
[2021-02-09T03:55:13+07:00] "GET /api/v1/users" 401 108 - 5.840 ms
[2021-02-09T03:55:35+07:00] "GET /api/v1/users" 403 17 - 8.633 ms
[2021-02-09T03:55:37+07:00] "GET /api/v1/users" 403 17 - 3.674 ms
[2021-02-09T03:55:37+07:00] "GET /api/v1/users" 403 17 - 2.867 ms
[2021-02-09T03:55:45+07:00] "POST /api/v1/users/auth/signin" 200 243 - 63.435 ms
[2021-02-09T03:56:00+07:00] "GET /api/v1/users" 200 564 - 8.456 ms
[2021-02-09T03:59:55+07:00] "GET /api/v1/users" 200 305 - 38.649 ms
[2021-02-09T04:00:33+07:00] "GET /api/v1/users" 400 135 - 38.717 ms
[2021-02-09T04:00:46+07:00] "GET /api/v1/users" 200 305 - 35.958 ms
[2021-02-09T04:00:58+07:00] "GET /api/v1/users" 200 305 - 39.575 ms
[2021-02-09T04:01:48+07:00] "POST /api/v1/users/auth/signup" 200 311 - 85.342 ms
[2021-02-09T04:02:09+07:00] "POST /api/v1/users/auth/signup" 200 311 - 75.078 ms
[2021-02-09T04:02:24+07:00] "GET /api/v1/users" 200 831 - 38.590 ms
[2021-02-09T04:04:11+07:00] "GET /api/v1/users" 400 140 - 38.699 ms
[2021-02-09T04:04:24+07:00] "GET /api/v1/users" 200 831 - 40.453 ms
[2021-02-09T04:06:49+07:00] "GET /api/v1/users" 200 831 - 39.792 ms
[2021-02-09T04:13:35+07:00] "GET /api/v1/users" 400 114 - 39.132 ms
[2021-02-09T04:13:53+07:00] "GET /api/v1/users" 200 831 - 44.060 ms
[2021-02-09T04:14:06+07:00] "GET /api/v1/users" 200 831 - 39.293 ms
[2021-02-09T04:16:43+07:00] "GET /api/v1/users" 200 831 - 39.646 ms
[2021-02-09T06:06:10+07:00] "GET /users/admin/queue-monitor" 404 59 - 4.944 ms
[2021-02-09T06:06:42+07:00] "GET /users" 404 59 - 1.047 ms
[2021-02-09T06:07:18+07:00] "GET /api/v1/users" 401 108 - 4.326 ms
[2021-02-09T06:07:34+07:00] "GET /api/v1/users/admin/queue-monitor" 401 108 - 4.863 ms
[2021-02-09T06:07:37+07:00] "GET /api/v1/users/admin/queue-monitor" 401 108 - 3.410 ms
[2021-02-09T06:07:40+07:00] "GET /api/v1/users/admin/queue-monitor" 401 108 - 4.153 ms
[2021-02-09T06:08:38+07:00] "GET /api/v1/users/admin/queue-monitor" - - - - ms
[2021-02-09T06:08:46+07:00] "GET /api/v1/users/admin/queue-monitor" - - - - ms
[2021-02-09T06:08:47+07:00] "GET /api/v1/users/admin/queue-monitor" - - - - ms
[2021-02-09T06:11:36+07:00] "GET /api/v1/users/admin/queue-monitor" - - - - ms
[2021-02-09T06:11:44+07:00] "GET /api/v1/users/admin/queue-monitor" - - - - ms
[2021-02-09T09:17:54+07:00] "POST /api/v1/users/auth/signup" 200 314 - 137.553 ms
[2021-02-09T09:21:51+07:00] "POST /api/v1/users/auth/signup" 200 314 - 150.096 ms
