[2021-02-10T09:49:09+07:00] "GET /" 404 59 - 3.400 ms
[2021-02-10T09:49:18+07:00] "GET /" 404 59 - 0.890 ms
[2021-02-10T09:49:18+07:00] "GET /" 404 59 - 0.733 ms
[2021-02-10T09:49:18+07:00] "GET /" 404 59 - 0.695 ms
[2021-02-10T09:49:19+07:00] "GET /" 404 59 - 0.278 ms
[2021-02-10T09:49:19+07:00] "GET /" 404 59 - 1.493 ms
[2021-02-10T09:49:26+07:00] "GET /" 404 59 - 1.598 ms
[2021-02-10T09:49:33+07:00] "GET /admin/queques" 304 - - 10.614 ms
[2021-02-10T09:49:33+07:00] "GET /admin/queques/static/vendor.9ab39863a68553288dec.js" 304 - - 2.511 ms
[2021-02-10T09:49:33+07:00] "GET /admin/queques/static/main.5c5b0f89ccd1be55a12f.js" 304 - - 2.282 ms
[2021-02-10T09:49:33+07:00] "GET /admin/queques/static/main.c29636b05aa221851da3.css" 200 8210 - 16.946 ms
[2021-02-10T09:49:33+07:00] "GET /admin/queques/api/queues/?" 200 6589 - 33.404 ms
[2021-02-10T09:49:33+07:00] "GET /favicon.ico" 404 59 - 0.591 ms
[2021-02-10T09:49:33+07:00] "GET /admin/queques/api/queues/?sendMailCronJob=latest&sendMailWelcoming=latest" 200 6589 - 14.790 ms
[2021-02-10T09:49:38+07:00] "GET /admin/queques/api/queues/?sendMailCronJob=latest&sendMailWelcoming=latest" 200 6589 - 14.593 ms
[2021-02-10T09:49:43+07:00] "GET /admin/queques/api/queues/?sendMailCronJob=latest&sendMailWelcoming=latest" 304 - - 28.624 ms
[2021-02-10T09:49:48+07:00] "GET /admin/queques/api/queues/?sendMailCronJob=latest&sendMailWelcoming=latest" 304 - - 21.699 ms
[2021-02-10T11:53:31+07:00] "POST /api/v1/users/auth/signup" 422 68 - 33.881 ms
[2021-02-10T11:53:58+07:00] "POST /api/v1/users/auth/signup" 200 315 - 182.997 ms
[2021-02-10T11:54:32+07:00] "POST /api/v1/users/auth/signin" 200 259 - 114.517 ms
[2021-02-10T11:56:48+07:00] "PUT /api/v1/authors/uploadPhoto/2" 401 108 - 12.022 ms
[2021-02-10T12:00:31+07:00] "POST /api/v1/users/auth/signup" 422 46 - 59.982 ms
