[2021-02-11T01:42:19+07:00] "GET /" 404 59 - 3.456 ms
[2021-02-11T01:42:22+07:00] "GET /" 404 59 - 0.805 ms
[2021-02-11T01:42:25+07:00] "GET /" 404 59 - 0.704 ms
[2021-02-11T01:43:31+07:00] "GET /" 404 59 - 6.471 ms
[2021-02-11T01:43:32+07:00] "GET /" 404 59 - 2.870 ms
[2021-02-11T01:43:32+07:00] "GET /" 404 59 - 0.963 ms
[2021-02-11T01:43:32+07:00] "GET /" 404 59 - 0.520 ms
[2021-02-11T01:43:32+07:00] "GET /" 404 59 - 0.545 ms
[2021-02-11T01:43:32+07:00] "GET /" 404 59 - 0.521 ms
[2021-02-11T01:45:17+07:00] "GET /" 200 2466 - 18.231 ms
[2021-02-11T01:45:17+07:00] "GET /assets/json.css" 200 971 - 2.116 ms
[2021-02-11T01:45:17+07:00] "GET /assets/json.js" 200 1556 - 1.496 ms
[2021-02-11T01:45:18+07:00] "GET /" 304 - - 0.920 ms
[2021-02-11T01:45:18+07:00] "GET /assets/json.css" 304 - - 1.126 ms
[2021-02-11T01:45:18+07:00] "GET /assets/json.js" 304 - - 1.120 ms
[2021-02-11T01:45:19+07:00] "GET /" 304 - - 2.219 ms
[2021-02-11T01:45:19+07:00] "GET /assets/json.js" 304 - - 1.529 ms
[2021-02-11T01:45:19+07:00] "GET /assets/json.css" 304 - - 1.767 ms
[2021-02-11T01:46:26+07:00] "GET /" 200 2422 - 7.022 ms
[2021-02-11T01:46:26+07:00] "GET /assets/json.css" 304 - - 1.082 ms
[2021-02-11T01:46:26+07:00] "GET /assets/json.js" 304 - - 2.319 ms
[2021-02-11T01:51:10+07:00] "GET /" 200 2472 - 1.124 ms
[2021-02-11T01:51:10+07:00] "GET /assets/json.css" 304 - - 1.118 ms
[2021-02-11T01:51:10+07:00] "GET /assets/json.js" 304 - - 0.997 ms
[2021-02-11T01:51:13+07:00] "GET /" 304 - - 0.530 ms
[2021-02-11T01:51:13+07:00] "GET /assets/json.js" 304 - - 1.712 ms
[2021-02-11T01:51:13+07:00] "GET /assets/json.css" 304 - - 1.681 ms
[2021-02-11T01:51:14+07:00] "GET /" 304 - - 3.705 ms
[2021-02-11T01:51:14+07:00] "GET /assets/json.css" 304 - - 1.754 ms
[2021-02-11T01:51:14+07:00] "GET /assets/json.js" 304 - - 1.800 ms
[2021-02-11T01:51:14+07:00] "GET /" 304 - - 1.269 ms
[2021-02-11T01:51:14+07:00] "GET /assets/json.css" 304 - - 3.308 ms
[2021-02-11T01:51:14+07:00] "GET /assets/json.js" 304 - - 2.881 ms
[2021-02-11T01:51:41+07:00] "GET /" 200 2417 - 2.575 ms
[2021-02-11T01:51:41+07:00] "GET /assets/json.css" 304 - - 1.783 ms
[2021-02-11T01:51:41+07:00] "GET /assets/json.js" 304 - - 0.980 ms
[2021-02-11T01:51:43+07:00] "GET /" 304 - - 0.339 ms
[2021-02-11T01:51:43+07:00] "GET /assets/json.css" 304 - - 1.276 ms
[2021-02-11T01:51:43+07:00] "GET /assets/json.js" 304 - - 2.080 ms
[2021-02-11T01:52:34+07:00] "GET /" 200 2392 - 0.927 ms
[2021-02-11T01:52:34+07:00] "GET /assets/json.css" 304 - - 0.950 ms
[2021-02-11T01:52:34+07:00] "GET /assets/json.js" 304 - - 0.808 ms
[2021-02-11T01:52:34+07:00] "GET /" 304 - - 1.152 ms
[2021-02-11T01:52:34+07:00] "GET /assets/json.css" 304 - - 1.358 ms
[2021-02-11T01:52:34+07:00] "GET /assets/json.js" 304 - - 1.155 ms
[2021-02-11T01:52:34+07:00] "GET /" 304 - - 0.564 ms
[2021-02-11T01:52:34+07:00] "GET /assets/json.css" 304 - - 0.882 ms
[2021-02-11T01:52:34+07:00] "GET /assets/json.js" 304 - - 0.811 ms
[2021-02-11T01:52:35+07:00] "GET /" 304 - - 3.932 ms
[2021-02-11T01:52:35+07:00] "GET /assets/json.css" 304 - - 1.911 ms
[2021-02-11T01:52:35+07:00] "GET /assets/json.js" 304 - - 1.701 ms
[2021-02-11T01:52:35+07:00] "GET /" 304 - - 1.125 ms
[2021-02-11T01:52:35+07:00] "GET /assets/json.css" 304 - - 1.297 ms
[2021-02-11T01:52:35+07:00] "GET /assets/json.js" 304 - - 1.175 ms
[2021-02-11T01:52:48+07:00] "GET /" 304 - - 0.391 ms
[2021-02-11T01:52:49+07:00] "GET /assets/json.css" 304 - - 0.935 ms
[2021-02-11T01:52:49+07:00] "GET /assets/json.js" 304 - - 0.887 ms
[2021-02-11T01:52:58+07:00] "GET /" 200 2233 - 1.794 ms
[2021-02-11T01:52:58+07:00] "GET /assets/json.css" 304 - - 1.306 ms
[2021-02-11T01:52:58+07:00] "GET /assets/json.js" 304 - - 1.222 ms
[2021-02-11T01:52:59+07:00] "GET /" 304 - - 1.058 ms
[2021-02-11T01:52:59+07:00] "GET /assets/json.css" 304 - - 1.859 ms
[2021-02-11T01:52:59+07:00] "GET /assets/json.js" 304 - - 1.465 ms
[2021-02-11T01:53:18+07:00] "GET /api/v1/" 404 59 - 2.598 ms
[2021-02-11T01:53:23+07:00] "GET /" 304 - - 1.129 ms
[2021-02-11T01:53:23+07:00] "GET /assets/json.css" 304 - - 1.347 ms
[2021-02-11T01:53:23+07:00] "GET /assets/json.js" 304 - - 1.199 ms
[2021-02-11T01:53:37+07:00] "GET /" 304 - - 13.404 ms
[2021-02-11T01:53:37+07:00] "GET /assets/json.css" 304 - - 1.376 ms
[2021-02-11T01:53:37+07:00] "GET /assets/json.js" 304 - - 1.370 ms
[2021-02-11T01:53:37+07:00] "GET /" 304 - - 1.465 ms
[2021-02-11T01:53:37+07:00] "GET /assets/json.css" 304 - - 1.433 ms
[2021-02-11T01:53:37+07:00] "GET /assets/json.js" 304 - - 1.297 ms
[2021-02-11T01:53:38+07:00] "GET /" 304 - - 2.310 ms
[2021-02-11T01:53:38+07:00] "GET /assets/json.css" 304 - - 1.476 ms
[2021-02-11T01:53:38+07:00] "GET /assets/json.js" 304 - - 1.479 ms
[2021-02-11T01:53:38+07:00] "GET /" 304 - - 1.326 ms
[2021-02-11T01:53:38+07:00] "GET /assets/json.css" 304 - - 1.498 ms
[2021-02-11T01:53:38+07:00] "GET /assets/json.js" 304 - - 1.391 ms
[2021-02-11T01:53:38+07:00] "GET /" 304 - - 1.423 ms
[2021-02-11T01:53:38+07:00] "GET /assets/json.css" 304 - - 1.941 ms
[2021-02-11T01:53:38+07:00] "GET /assets/json.js" 304 - - 1.807 ms
[2021-02-11T01:53:38+07:00] "GET /" 304 - - 1.312 ms
[2021-02-11T01:53:38+07:00] "GET /assets/json.css" 304 - - 1.559 ms
[2021-02-11T01:53:38+07:00] "GET /assets/json.js" 304 - - 1.802 ms
[2021-02-11T02:08:47+07:00] "GET /" 200 2220 - 5.008 ms
[2021-02-11T02:08:47+07:00] "GET /assets/json.css" 304 - - 1.110 ms
[2021-02-11T02:08:47+07:00] "GET /assets/json.js" 304 - - 2.111 ms
[2021-02-11T02:08:48+07:00] "GET /login/index.html" 404 59 - 7.257 ms
[2021-02-11T02:09:03+07:00] "GET /register/index.html" 404 59 - 0.778 ms
[2021-02-11T02:09:06+07:00] "GET /" 304 - - 1.685 ms
[2021-02-11T02:09:06+07:00] "GET /assets/json.css" 304 - - 0.582 ms
[2021-02-11T02:09:06+07:00] "GET /assets/json.js" 304 - - 0.495 ms
[2021-02-11T02:09:07+07:00] "GET /" 304 - - 1.344 ms
[2021-02-11T02:09:07+07:00] "GET /assets/json.css" 304 - - 1.000 ms
[2021-02-11T02:09:07+07:00] "GET /assets/json.js" 304 - - 1.018 ms
[2021-02-11T02:09:07+07:00] "GET /" 304 - - 1.286 ms
[2021-02-11T02:09:07+07:00] "GET /assets/json.css" 304 - - 0.757 ms
[2021-02-11T02:09:07+07:00] "GET /assets/json.js" 304 - - 0.648 ms
[2021-02-11T02:09:10+07:00] "GET /login/index.html" 404 59 - 0.592 ms
[2021-02-11T02:10:16+07:00] "GET /" 200 2229 - 4.216 ms
[2021-02-11T02:10:16+07:00] "GET /assets/json.css" 304 - - 1.328 ms
[2021-02-11T02:10:16+07:00] "GET /assets/json.js" 304 - - 2.016 ms
[2021-02-11T02:10:18+07:00] "GET /public/pages/login/" 404 59 - 7.056 ms
[2021-02-11T02:45:06+07:00] "POST /api/v1/users/auth/signin" 200 240 - 67.235 ms
[2021-02-11T02:45:36+07:00] "GET /api/v1/users/auth/signin" 404 59 - 2.366 ms
[2021-02-11T02:46:24+07:00] "GET /api/v1/users" 403 17 - 9.892 ms
[2021-02-11T02:46:59+07:00] "POST /api/v1/users/auth/signin" 200 259 - 67.115 ms
[2021-02-11T02:47:11+07:00] "GET /api/v1/users" 200 18440 - 15.090 ms
[2021-02-11T02:47:34+07:00] "GET /api/v1/users/auth/signout" 403 123 - 3.628 ms
[2021-02-11T02:47:54+07:00] "GET /api/v1/users" 200 18440 - 14.476 ms
[2021-02-11T02:47:55+07:00] "GET /api/v1/users" 200 18440 - 14.464 ms
[2021-02-11T02:47:56+07:00] "GET /api/v1/users" 200 18440 - 7.607 ms
[2021-02-11T02:47:56+07:00] "GET /api/v1/users" 200 18440 - 9.255 ms
[2021-02-11T02:48:00+07:00] "GET /api/v1/users/auth/signout" 403 123 - 4.498 ms
[2021-02-11T02:48:01+07:00] "GET /api/v1/users/auth/signout" 403 123 - 2.613 ms
[2021-02-11T02:48:01+07:00] "GET /api/v1/users/auth/signout" 403 123 - 4.328 ms
[2021-02-11T02:49:37+07:00] "GET /api/v1/users" 200 18440 - 13.429 ms
[2021-02-11T02:49:38+07:00] "GET /api/v1/users" 200 18440 - 10.413 ms
[2021-02-11T02:49:41+07:00] "GET /api/v1/users/auth/signout" 403 172 - 7.008 ms
[2021-02-11T02:49:44+07:00] "GET /api/v1/users/auth/signout" 403 172 - 6.414 ms
[2021-02-11T02:50:01+07:00] "GET /api/v1/users" 200 18440 - 13.601 ms
[2021-02-11T02:51:00+07:00] "GET /api/v1/users" 200 18440 - 16.045 ms
[2021-02-11T02:51:01+07:00] "GET /api/v1/users" 200 18440 - 15.109 ms
[2021-02-11T02:51:17+07:00] "GET /api/v1/users" 200 18440 - 12.089 ms
[2021-02-11T02:51:35+07:00] "GET /api/v1/users" 200 18440 - 12.894 ms
[2021-02-11T02:51:54+07:00] "GET /api/v1/users/auth/signout" 403 172 - 5.960 ms
[2021-02-11T02:53:42+07:00] "GET /api/v1/users/auth/signout" 200 144 - 7.151 ms
[2021-02-11T03:01:01+07:00] "GET /api/v1/users/auth/signout" 200 144 - 7.999 ms
[2021-02-11T03:01:02+07:00] "GET /api/v1/users/auth/signout" 200 144 - 1.884 ms
[2021-02-11T03:01:02+07:00] "GET /api/v1/users/auth/signout" 200 144 - 1.822 ms
[2021-02-11T03:01:04+07:00] "GET /api/v1/users/auth/signout" 200 144 - 1.467 ms
[2021-02-11T03:01:05+07:00] "GET /api/v1/users/auth/signout" 200 144 - 2.387 ms
[2021-02-11T03:01:06+07:00] "GET /api/v1/users/auth/signout" 200 144 - 1.906 ms
[2021-02-11T03:01:08+07:00] "GET /api/v1/users/auth/signout" 200 144 - 1.337 ms
[2021-02-11T03:01:09+07:00] "GET /api/v1/users/auth/signout" 200 144 - 1.845 ms
[2021-02-11T03:01:11+07:00] "GET /api/v1/users/auth/signout" 200 144 - 1.833 ms
[2021-02-11T03:01:34+07:00] "GET /api/v1/users/auth/signout" 403 194 - 4.147 ms
[2021-02-11T03:01:48+07:00] "GET /api/v1/users/auth/signout" 403 194 - 10.593 ms
[2021-02-11T03:01:53+07:00] "GET /api/v1/users/auth/signout" 403 194 - 4.468 ms
[2021-02-11T03:01:54+07:00] "GET /api/v1/users/auth/signout" 403 194 - 3.123 ms
[2021-02-11T03:01:56+07:00] "GET /api/v1/users/auth/signout" 403 194 - 4.889 ms
[2021-02-11T03:01:57+07:00] "GET /api/v1/users/auth/signout" 403 194 - 4.191 ms
[2021-02-11T03:01:58+07:00] "GET /api/v1/users/auth/signout" 403 194 - 4.897 ms
[2021-02-11T03:01:59+07:00] "GET /api/v1/users/auth/signout" 403 194 - 3.593 ms
[2021-02-11T03:02:00+07:00] "GET /api/v1/users/auth/signout" 403 194 - 4.815 ms
[2021-02-11T03:02:01+07:00] "GET /api/v1/users/auth/signout" 403 194 - 3.573 ms
[2021-02-11T03:02:01+07:00] "GET /api/v1/users/auth/signout" 403 194 - 2.991 ms
[2021-02-11T03:02:02+07:00] "GET /api/v1/users/auth/signout" 403 194 - 3.893 ms
[2021-02-11T03:02:02+07:00] "GET /api/v1/users/auth/signout" 403 194 - 2.705 ms
[2021-02-11T03:33:33+07:00] "GET /api/v1/users/auth/signout" 403 194 - 9.680 ms
[2021-02-11T03:33:34+07:00] "GET /api/v1/users/auth/signout" 403 194 - 6.475 ms
[2021-02-11T03:33:36+07:00] "GET /api/v1/users/auth/signout" 403 194 - 7.691 ms
[2021-02-11T03:33:37+07:00] "GET /api/v1/users/auth/signout" 403 194 - 7.403 ms
[2021-02-11T03:33:38+07:00] "GET /api/v1/users/auth/signout" 403 194 - 5.165 ms
[2021-02-11T03:33:45+07:00] "GET /api/v1/authors" 401 108 - 3.990 ms
[2021-02-11T03:33:54+07:00] "GET /api/v1/users" 200 18440 - 21.632 ms
[2021-02-11T03:33:55+07:00] "GET /api/v1/users" 200 18440 - 20.810 ms
[2021-02-11T03:33:56+07:00] "GET /api/v1/users" 200 18440 - 18.776 ms
[2021-02-11T03:33:57+07:00] "GET /api/v1/users" 200 18440 - 25.078 ms
[2021-02-11T03:33:58+07:00] "GET /api/v1/users" 200 18440 - 10.365 ms
[2021-02-11T03:33:59+07:00] "GET /api/v1/users" 200 18440 - 14.884 ms
[2021-02-11T03:34:01+07:00] "GET /api/v1/users" 200 18440 - 13.015 ms
[2021-02-11T03:34:02+07:00] "GET /api/v1/users" 200 18440 - 24.705 ms
[2021-02-11T03:34:03+07:00] "GET /api/v1/users" 200 18440 - 11.610 ms
[2021-02-11T03:34:04+07:00] "GET /api/v1/users" 200 18440 - 11.978 ms
[2021-02-11T03:34:05+07:00] "GET /api/v1/users" 200 18440 - 14.743 ms
[2021-02-11T03:34:15+07:00] "GET /api/v1/users" 200 18440 - 10.871 ms
[2021-02-11T03:34:16+07:00] "GET /api/v1/users" 200 18440 - 12.391 ms
[2021-02-11T03:34:18+07:00] "GET /api/v1/users" 200 18440 - 12.515 ms
[2021-02-11T03:34:19+07:00] "GET /api/v1/users" 200 18440 - 10.420 ms
[2021-02-11T03:45:31+07:00] "GET /api/v1/users/auth/signout" 403 114 - 12.236 ms
[2021-02-11T03:45:54+07:00] "GET /api/v1/users/auth/signout" 200 53 - 10.151 ms
[2021-02-11T03:46:00+07:00] "GET /api/v1/users" 200 18440 - 24.896 ms
[2021-02-11T03:46:01+07:00] "GET /api/v1/users" 200 18440 - 18.902 ms
[2021-02-11T03:46:02+07:00] "GET /api/v1/users" 200 18440 - 18.302 ms
[2021-02-11T03:46:02+07:00] "GET /api/v1/users" 200 18440 - 19.307 ms
[2021-02-11T03:46:03+07:00] "GET /api/v1/users" 200 18440 - 15.299 ms
[2021-02-11T08:44:01+07:00] "GET /" 200 2311 - 4.129 ms
[2021-02-11T08:44:01+07:00] "GET /assets/json.css" 304 - - 1.167 ms
[2021-02-11T08:44:01+07:00] "GET /assets/json.js" 304 - - 0.719 ms
